This is pdfTeX, Version 3.141592653-2.6-1.40.26 (TeX Live 2024/Arch Linux) (preloaded format=pdflatex 2024.10.10)  8 NOV 2024 12:33
entering extended mode
 restricted \write18 enabled.
 %&-line parsing enabled.
**/home/blackgolyb/Documents/algos/reports/src/formal/kr3/main.tex
(/home/blackgolyb/Documents/algos/reports/src/formal/kr3/main.tex
LaTeX2e <2023-11-01> patch level 1
L3 programming layer <2024-02-20>
! Undefined control sequence.
l.1 \section
            {–ó–∞–≤–¥–∞–Ω–Ω—è}
The control sequence at the end of the top line
of your error message was never \def'ed. If you have
misspelled it (e.g., `\hobx'), type `I' and the correct
spelling (e.g., `I\hbox'). Otherwise just continue,
and I'll forget about whatever was undefined.


! LaTeX Error: Unicode character –ó (U+0417)
               not set up for use with LaTeX.

See the LaTeX manual or LaTeX Companion for explanation.
Type  H <return>  for immediate help.
 ...                                              
                                                  
l.1 \section{–ó
               –∞–≤–¥–∞–Ω–Ω—è}
You may provide a definition with
\DeclareUnicodeCharacter 


! LaTeX Error: Unicode character –∞ (U+0430)
               not set up for use with LaTeX.

See the LaTeX manual or LaTeX Companion for explanation.
Type  H <return>  for immediate help.
 ...                                              
                                                  
l.1 \section{–ó–∞
                 –≤–¥–∞–Ω–Ω—è}
You may provide a definition with
\DeclareUnicodeCharacter 


! LaTeX Error: Unicode character –≤ (U+0432)
               not set up for use with LaTeX.

See the LaTeX manual or LaTeX Companion for explanation.
Type  H <return>  for immediate help.
 ...                                              
                                                  
l.1 \section{–ó–∞–≤
                   –¥–∞–Ω–Ω—è}
You may provide a definition with
\DeclareUnicodeCharacter 


! LaTeX Error: Unicode character –¥ (U+0434)
               not set up for use with LaTeX.

See the LaTeX manual or LaTeX Companion for explanation.
Type  H <return>  for immediate help.
 ...                                              
                                                  
l.1 \section{–ó–∞–≤–¥
                     –∞–Ω–Ω—è}
You may provide a definition with
\DeclareUnicodeCharacter 


! LaTeX Error: Unicode character –∞ (U+0430)
               not set up for use with LaTeX.

See the LaTeX manual or LaTeX Companion for explanation.
Type  H <return>  for immediate help.
 ...                                              
                                                  
l.1 \section{–ó–∞–≤–¥–∞
                       –Ω–Ω—è}
You may provide a definition with
\DeclareUnicodeCharacter 


! LaTeX Error: Unicode character –Ω (U+043D)
               not set up for use with LaTeX.

See the LaTeX manual or LaTeX Companion for explanation.
Type  H <return>  for immediate help.
 ...                                              
                                                  
l.1 \section{–ó–∞–≤–¥–∞–Ω
                         –Ω—è}
You may provide a definition with
\DeclareUnicodeCharacter 


! LaTeX Error: Unicode character –Ω (U+043D)
               not set up for use with LaTeX.

See the LaTeX manual or LaTeX Companion for explanation.
Type  H <return>  for immediate help.
 ...                                              
                                                  
l.1 \section{–ó–∞–≤–¥–∞–Ω–Ω
                           —è}
You may provide a definition with
\DeclareUnicodeCharacter 


! LaTeX Error: Unicode character —è (U+044F)
               not set up for use with LaTeX.

See the LaTeX manual or LaTeX Companion for explanation.
Type  H <return>  for immediate help.
 ...                                              
                                                  
l.1 \section{–ó–∞–≤–¥–∞–Ω–Ω—è
                             }
You may provide a definition with
\DeclareUnicodeCharacter 


! LaTeX Error: Missing \begin{document}.

See the LaTeX manual or LaTeX Companion for explanation.
Type  H <return>  for immediate help.
 ...                                              
                                                  
l.2 \noindent
             
You're in trouble here.  Try typing  <return>  to proceed.
If that doesn't work, type  X <return>  to quit.

Missing character: There is no 1 in font nullfont!
Missing character: There is no . in font nullfont!

! LaTeX Error: Unicode character –î (U+0414)
               not set up for use with LaTeX.

See the LaTeX manual or LaTeX Companion for explanation.
Type  H <return>  for immediate help.
 ...                                              
                                                  
l.3 1. –î
         –ª—è –Ω–∞–≤–µ–¥–µ–Ω–∏—Ö –ø—Ä–∏–∫–ª–∞–¥—ñ–≤ –ª–∞–Ω—Ü—é–∂–∫—ñ–≤ –ø–æ–...

You may provide a definition with
\DeclareUnicodeCharacter 


! LaTeX Error: Unicode character –ª (U+043B)
               not set up for use with LaTeX.

See the LaTeX manual or LaTeX Companion for explanation.
Type  H <return>  for immediate help.
 ...                                              
                                                  
l.3 1. –î–ª
           —è –Ω–∞–≤–µ–¥–µ–Ω–∏—Ö –ø—Ä–∏–∫–ª–∞–¥—ñ–≤ –ª–∞–Ω—Ü—é–∂–∫—ñ–≤ –ø–æ–...

You may provide a definition with
\DeclareUnicodeCharacter 


! LaTeX Error: Unicode character —è (U+044F)
               not set up for use with LaTeX.

See the LaTeX manual or LaTeX Companion for explanation.
Type  H <return>  for immediate help.
 ...                                              
                                                  
l.3 1. –î–ª—è
              –Ω–∞–≤–µ–¥–µ–Ω–∏—Ö –ø—Ä–∏–∫–ª–∞–¥—ñ–≤ –ª–∞–Ω—Ü—é–∂–∫—ñ–≤ –ø–æ–...

You may provide a definition with
\DeclareUnicodeCharacter 


! LaTeX Error: Unicode character –Ω (U+043D)
               not set up for use with LaTeX.

See the LaTeX manual or LaTeX Companion for explanation.
Type  H <return>  for immediate help.
 ...                                              
                                                  
l.3 1. –î–ª—è –Ω
                –∞–≤–µ–¥–µ–Ω–∏—Ö –ø—Ä–∏–∫–ª–∞–¥—ñ–≤ –ª–∞–Ω—Ü—é–∂–∫—ñ–≤ –ø–æ–...

You may provide a definition with
\DeclareUnicodeCharacter 


! LaTeX Error: Unicode character –∞ (U+0430)
               not set up for use with LaTeX.

See the LaTeX manual or LaTeX Companion for explanation.
Type  H <return>  for immediate help.
 ...                                              
                                                  
l.3 1. –î–ª—è –Ω–∞
                  –≤–µ–¥–µ–Ω–∏—Ö –ø—Ä–∏–∫–ª–∞–¥—ñ–≤ –ª–∞–Ω—Ü—é–∂–∫—ñ–≤ –ø–æ–...

You may provide a definition with
\DeclareUnicodeCharacter 


! LaTeX Error: Unicode character –≤ (U+0432)
               not set up for use with LaTeX.

See the LaTeX manual or LaTeX Companion for explanation.
Type  H <return>  for immediate help.
 ...                                              
                                                  
l.3 1. –î–ª—è –Ω–∞–≤
                    –µ–¥–µ–Ω–∏—Ö –ø—Ä–∏–∫–ª–∞–¥—ñ–≤ –ª–∞–Ω—Ü—é–∂–∫—ñ–≤ –ø–æ–...

You may provide a definition with
\DeclareUnicodeCharacter 


! LaTeX Error: Unicode character –µ (U+0435)
               not set up for use with LaTeX.

See the LaTeX manual or LaTeX Companion for explanation.
Type  H <return>  for immediate help.
 ...                                              
                                                  
l.3 1. –î–ª—è –Ω–∞–≤–µ
                      –¥–µ–Ω–∏—Ö –ø—Ä–∏–∫–ª–∞–¥—ñ–≤ –ª–∞–Ω—Ü—é–∂–∫—ñ–≤ –ø–æ–...

You may provide a definition with
\DeclareUnicodeCharacter 


! LaTeX Error: Unicode character –¥ (U+0434)
               not set up for use with LaTeX.

See the LaTeX manual or LaTeX Companion for explanation.
Type  H <return>  for immediate help.
 ...                                              
                                                  
l.3 1. –î–ª—è –Ω–∞–≤–µ–¥
                        –µ–Ω–∏—Ö –ø—Ä–∏–∫–ª–∞–¥—ñ–≤ –ª–∞–Ω—Ü—é–∂–∫—ñ–≤ –ø–æ–...

You may provide a definition with
\DeclareUnicodeCharacter 


! LaTeX Error: Unicode character –µ (U+0435)
               not set up for use with LaTeX.

See the LaTeX manual or LaTeX Companion for explanation.
Type  H <return>  for immediate help.
 ...                                              
                                                  
l.3 1. –î–ª—è –Ω–∞–≤–µ–¥–µ
                          –Ω–∏—Ö –ø—Ä–∏–∫–ª–∞–¥—ñ–≤ –ª–∞–Ω—Ü—é–∂–∫—ñ–≤ –ø–æ–...

You may provide a definition with
\DeclareUnicodeCharacter 


! LaTeX Error: Unicode character –Ω (U+043D)
               not set up for use with LaTeX.

See the LaTeX manual or LaTeX Companion for explanation.
Type  H <return>  for immediate help.
 ...                                              
                                                  
l.3 1. –î–ª—è –Ω–∞–≤–µ–¥–µ–Ω
                            –∏—Ö –ø—Ä–∏–∫–ª–∞–¥—ñ–≤ –ª–∞–Ω—Ü—é–∂–∫—ñ–≤ –ø–æ–...

You may provide a definition with
\DeclareUnicodeCharacter 


! LaTeX Error: Unicode character –∏ (U+0438)
               not set up for use with LaTeX.

See the LaTeX manual or LaTeX Companion for explanation.
Type  H <return>  for immediate help.
 ...                                              
                                                  
l.3 1. –î–ª—è –Ω–∞–≤–µ–¥–µ–Ω–∏
                              —Ö –ø—Ä–∏–∫–ª–∞–¥—ñ–≤ –ª–∞–Ω—Ü—é–∂–∫—ñ–≤ –ø–æ–...

You may provide a definition with
\DeclareUnicodeCharacter 


! LaTeX Error: Unicode character —Ö (U+0445)
               not set up for use with LaTeX.

See the LaTeX manual or LaTeX Companion for explanation.
Type  H <return>  for immediate help.
 ...                                              
                                                  
l.3 1. –î–ª—è –Ω–∞–≤–µ–¥–µ–Ω–∏—Ö
                                 –ø—Ä–∏–∫–ª–∞–¥—ñ–≤ –ª–∞–Ω—Ü—é–∂–∫—ñ–≤ –ø–æ–...

You may provide a definition with
\DeclareUnicodeCharacter 


! LaTeX Error: Unicode character –ø (U+043F)
               not set up for use with LaTeX.

See the LaTeX manual or LaTeX Companion for explanation.
Type  H <return>  for immediate help.
 ...                                              
                                                  
l.3 1. –î–ª—è –Ω–∞–≤–µ–¥–µ–Ω–∏—Ö –ø
                                   —Ä–∏–∫–ª–∞–¥—ñ–≤ –ª–∞–Ω—Ü—é–∂–∫—ñ–≤ –ø–æ–...

You may provide a definition with
\DeclareUnicodeCharacter 


! LaTeX Error: Unicode character —Ä (U+0440)
               not set up for use with LaTeX.

See the LaTeX manual or LaTeX Companion for explanation.
Type  H <return>  for immediate help.
 ...                                              
                                                  
l.3 1. –î–ª—è –Ω–∞–≤–µ–¥–µ–Ω–∏—Ö –ø—Ä
                                     –∏–∫–ª–∞–¥—ñ–≤ –ª–∞–Ω—Ü—é–∂–∫—ñ–≤ –ø–æ–...

You may provide a definition with
\DeclareUnicodeCharacter 


! LaTeX Error: Unicode character –∏ (U+0438)
               not set up for use with LaTeX.

See the LaTeX manual or LaTeX Companion for explanation.
Type  H <return>  for immediate help.
 ...                                              
                                                  
l.3 1. –î–ª—è –Ω–∞–≤–µ–¥–µ–Ω–∏—Ö –ø—Ä–∏
                                       –∫–ª–∞–¥—ñ–≤ –ª–∞–Ω—Ü—é–∂–∫—ñ–≤ –ø–æ–...

You may provide a definition with
\DeclareUnicodeCharacter 


! LaTeX Error: Unicode character –∫ (U+043A)
               not set up for use with LaTeX.

See the LaTeX manual or LaTeX Companion for explanation.
Type  H <return>  for immediate help.
 ...                                              
                                                  
l.3 1. –î–ª—è –Ω–∞–≤–µ–¥–µ–Ω–∏—Ö –ø—Ä–∏–∫
                                         –ª–∞–¥—ñ–≤ –ª–∞–Ω—Ü—é–∂–∫—ñ–≤ –ø–æ–...

You may provide a definition with
\DeclareUnicodeCharacter 


! LaTeX Error: Unicode character –ª (U+043B)
               not set up for use with LaTeX.

See the LaTeX manual or LaTeX Companion for explanation.
Type  H <return>  for immediate help.
 ...                                              
                                                  
l.3 1. –î–ª—è –Ω–∞–≤–µ–¥–µ–Ω–∏—Ö –ø—Ä–∏–∫–ª
                                           –∞–¥—ñ–≤ –ª–∞–Ω—Ü—é–∂–∫—ñ–≤ –ø–æ–...

You may provide a definition with
\DeclareUnicodeCharacter 


! LaTeX Error: Unicode character –∞ (U+0430)
               not set up for use with LaTeX.

See the LaTeX manual or LaTeX Companion for explanation.
Type  H <return>  for immediate help.
 ...                                              
                                                  
l.3 1. –î–ª—è –Ω–∞–≤–µ–¥–µ–Ω–∏—Ö –ø—Ä–∏–∫–ª–∞
                                             –¥—ñ–≤ –ª–∞–Ω—Ü—é–∂–∫—ñ–≤ –ø–æ–...

You may provide a definition with
\DeclareUnicodeCharacter 


! LaTeX Error: Unicode character –¥ (U+0434)
               not set up for use with LaTeX.

See the LaTeX manual or LaTeX Companion for explanation.
Type  H <return>  for immediate help.
 ...                                              
                                                  
l.3 1. –î–ª—è –Ω–∞–≤–µ–¥–µ–Ω–∏—Ö –ø—Ä–∏–∫–ª–∞–¥
                                               —ñ–≤ –ª–∞–Ω—Ü—é–∂–∫—ñ–≤ –ø–æ–...

You may provide a definition with
\DeclareUnicodeCharacter 


! LaTeX Error: Unicode character —ñ (U+0456)
               not set up for use with LaTeX.

See the LaTeX manual or LaTeX Companion for explanation.
Type  H <return>  for immediate help.
 ...                                              
                                                  
l.3 1. –î–ª—è –Ω–∞–≤–µ–¥–µ–Ω–∏—Ö –ø—Ä–∏–∫–ª–∞–¥—ñ
                                                 –≤ –ª–∞–Ω—Ü—é–∂–∫—ñ–≤ –ø–æ–...

You may provide a definition with
\DeclareUnicodeCharacter 


! LaTeX Error: Unicode character –≤ (U+0432)
               not set up for use with LaTeX.

See the LaTeX manual or LaTeX Companion for explanation.
Type  H <return>  for immediate help.
 ...                                              
                                                  
l.3 ...î–ª—è –Ω–∞–≤–µ–¥–µ–Ω–∏—Ö –ø—Ä–∏–∫–ª–∞–¥—ñ–≤
                                                   –ª–∞–Ω—Ü—é–∂–∫—ñ–≤ –ø–æ–±...

You may provide a definition with
\DeclareUnicodeCharacter 


! LaTeX Error: Unicode character –ª (U+043B)
               not set up for use with LaTeX.

See the LaTeX manual or LaTeX Companion for explanation.
Type  H <return>  for immediate help.
 ...                                              
                                                  
l.3 ...—è –Ω–∞–≤–µ–¥–µ–Ω–∏—Ö –ø—Ä–∏–∫–ª–∞–¥—ñ–≤ –ª
                                                  –∞–Ω—Ü—é–∂–∫—ñ–≤ –ø–æ–±—É–...

You may provide a definition with
\DeclareUnicodeCharacter 


! LaTeX Error: Unicode character –∞ (U+0430)
               not set up for use with LaTeX.

See the LaTeX manual or LaTeX Companion for explanation.
Type  H <return>  for immediate help.
 ...                                              
                                                  
l.3 ... –Ω–∞–≤–µ–¥–µ–Ω–∏—Ö –ø—Ä–∏–∫–ª–∞–¥—ñ–≤ –ª–∞
                                                  –Ω—Ü—é–∂–∫—ñ–≤ –ø–æ–±—É–¥—...

You may provide a definition with
\DeclareUnicodeCharacter 


! LaTeX Error: Unicode character –Ω (U+043D)
               not set up for use with LaTeX.

See the LaTeX manual or LaTeX Companion for explanation.
Type  H <return>  for immediate help.
 ...                                              
                                                  
l.3 ...Ω–∞–≤–µ–¥–µ–Ω–∏—Ö –ø—Ä–∏–∫–ª–∞–¥—ñ–≤ –ª–∞–Ω
                                                  —Ü—é–∂–∫—ñ–≤ –ø–æ–±—É–¥—É–...

You may provide a definition with
\DeclareUnicodeCharacter 


! LaTeX Error: Unicode character —Ü (U+0446)
               not set up for use with LaTeX.

See the LaTeX manual or LaTeX Companion for explanation.
Type  H <return>  for immediate help.
 ...                                              
                                                  
l.3 ...∞–≤–µ–¥–µ–Ω–∏—Ö –ø—Ä–∏–∫–ª–∞–¥—ñ–≤ –ª–∞–Ω—Ü
                                                  —é–∂–∫—ñ–≤ –ø–æ–±—É–¥—É–≤–...

You may provide a definition with
\DeclareUnicodeCharacter 


! LaTeX Error: Unicode character —é (U+044E)
               not set up for use with LaTeX.

See the LaTeX manual or LaTeX Companion for explanation.
Type  H <return>  for immediate help.
 ...                                              
                                                  
l.3 ...≤–µ–¥–µ–Ω–∏—Ö –ø—Ä–∏–∫–ª–∞–¥—ñ–≤ –ª–∞–Ω—Ü—é
                                                  –∂–∫—ñ–≤ –ø–æ–±—É–¥—É–≤–∞—...

You may provide a definition with
\DeclareUnicodeCharacter 


! LaTeX Error: Unicode character –∂ (U+0436)
               not set up for use with LaTeX.

See the LaTeX manual or LaTeX Companion for explanation.
Type  H <return>  for immediate help.
 ...                                              
                                                  
l.3 ...µ–¥–µ–Ω–∏—Ö –ø—Ä–∏–∫–ª–∞–¥—ñ–≤ –ª–∞–Ω—Ü—é–∂
                                                  –∫—ñ–≤ –ø–æ–±—É–¥—É–≤–∞—Ç–...

You may provide a definition with
\DeclareUnicodeCharacter 


! LaTeX Error: Unicode character –∫ (U+043A)
               not set up for use with LaTeX.

See the LaTeX manual or LaTeX Companion for explanation.
Type  H <return>  for immediate help.
 ...                                              
                                                  
l.3 ...¥–µ–Ω–∏—Ö –ø—Ä–∏–∫–ª–∞–¥—ñ–≤ –ª–∞–Ω—Ü—é–∂–∫
                                                  —ñ–≤ –ø–æ–±—É–¥—É–≤–∞—Ç–∏ ...

You may provide a definition with
\DeclareUnicodeCharacter 


! LaTeX Error: Unicode character —ñ (U+0456)
               not set up for use with LaTeX.

See the LaTeX manual or LaTeX Companion for explanation.
Type  H <return>  for immediate help.
 ...                                              
                                                  
l.3 ...µ–Ω–∏—Ö –ø—Ä–∏–∫–ª–∞–¥—ñ–≤ –ª–∞–Ω—Ü—é–∂–∫—ñ
                                                  –≤ –ø–æ–±—É–¥—É–≤–∞—Ç–∏ –ø...

You may provide a definition with
\DeclareUnicodeCharacter 


! LaTeX Error: Unicode character –≤ (U+0432)
               not set up for use with LaTeX.

See the LaTeX manual or LaTeX Companion for explanation.
Type  H <return>  for immediate help.
 ...                                              
                                                  
l.3 ...Ω–∏—Ö –ø—Ä–∏–∫–ª–∞–¥—ñ–≤ –ª–∞–Ω—Ü—é–∂–∫—ñ–≤
                                                   –ø–æ–±—É–¥—É–≤–∞—Ç–∏ –ø—Ä...

You may provide a definition with
\DeclareUnicodeCharacter 


! LaTeX Error: Unicode character –ø (U+043F)
               not set up for use with LaTeX.

See the LaTeX manual or LaTeX Companion for explanation.
Type  H <return>  for immediate help.
 ...                                              
                                                  
l.3 ...—Ö –ø—Ä–∏–∫–ª–∞–¥—ñ–≤ –ª–∞–Ω—Ü—é–∂–∫—ñ–≤ –ø
                                                  –æ–±—É–¥—É–≤–∞—Ç–∏ –ø—Ä–∞–...

You may provide a definition with
\DeclareUnicodeCharacter 


! LaTeX Error: Unicode character –æ (U+043E)
               not set up for use with LaTeX.

See the LaTeX manual or LaTeX Companion for explanation.
Type  H <return>  for immediate help.
 ...                                              
                                                  
l.3 ... –ø—Ä–∏–∫–ª–∞–¥—ñ–≤ –ª–∞–Ω—Ü—é–∂–∫—ñ–≤ –ø–æ
                                                  –±—É–¥—É–≤–∞—Ç–∏ –ø—Ä–∞–≤–...

You may provide a definition with
\DeclareUnicodeCharacter 


! LaTeX Error: Unicode character –± (U+0431)
               not set up for use with LaTeX.

See the LaTeX manual or LaTeX Companion for explanation.
Type  H <return>  for immediate help.
 ...                                              
                                                  
l.3 ...ø—Ä–∏–∫–ª–∞–¥—ñ–≤ –ª–∞–Ω—Ü—é–∂–∫—ñ–≤ –ø–æ–±
                                                  —É–¥—É–≤–∞—Ç–∏ –ø—Ä–∞–≤–∏–...

You may provide a definition with
\DeclareUnicodeCharacter 


! LaTeX Error: Unicode character —É (U+0443)
               not set up for use with LaTeX.

See the LaTeX manual or LaTeX Companion for explanation.
Type  H <return>  for immediate help.
 ...                                              
                                                  
l.3 ...Ä–∏–∫–ª–∞–¥—ñ–≤ –ª–∞–Ω—Ü—é–∂–∫—ñ–≤ –ø–æ–±—É
                                                  –¥—É–≤–∞—Ç–∏ –ø—Ä–∞–≤–∏–ª–...

You may provide a definition with
\DeclareUnicodeCharacter 


! LaTeX Error: Unicode character –¥ (U+0434)
               not set up for use with LaTeX.

See the LaTeX manual or LaTeX Companion for explanation.
Type  H <return>  for immediate help.
 ...                                              
                                                  
l.3 ...∏–∫–ª–∞–¥—ñ–≤ –ª–∞–Ω—Ü—é–∂–∫—ñ–≤ –ø–æ–±—É–¥
                                                  —É–≤–∞—Ç–∏ –ø—Ä–∞–≤–∏–ª–∞ ...

You may provide a definition with
\DeclareUnicodeCharacter 


! LaTeX Error: Unicode character —É (U+0443)
               not set up for use with LaTeX.

See the LaTeX manual or LaTeX Companion for explanation.
Type  H <return>  for immediate help.
 ...                                              
                                                  
l.3 ...∫–ª–∞–¥—ñ–≤ –ª–∞–Ω—Ü—é–∂–∫—ñ–≤ –ø–æ–±—É–¥—É
                                                  –≤–∞—Ç–∏ –ø—Ä–∞–≤–∏–ª–∞ –≥...

You may provide a definition with
\DeclareUnicodeCharacter 


! LaTeX Error: Unicode character –≤ (U+0432)
               not set up for use with LaTeX.

See the LaTeX manual or LaTeX Companion for explanation.
Type  H <return>  for immediate help.
 ...                                              
                                                  
l.3 ...ª–∞–¥—ñ–≤ –ª–∞–Ω—Ü—é–∂–∫—ñ–≤ –ø–æ–±—É–¥—É–≤
                                                  –∞—Ç–∏ –ø—Ä–∞–≤–∏–ª–∞ –≥—Ä...

You may provide a definition with
\DeclareUnicodeCharacter 


! LaTeX Error: Unicode character –∞ (U+0430)
               not set up for use with LaTeX.

See the LaTeX manual or LaTeX Companion for explanation.
Type  H <return>  for immediate help.
 ...                                              
                                                  
l.3 ...∞–¥—ñ–≤ –ª–∞–Ω—Ü—é–∂–∫—ñ–≤ –ø–æ–±—É–¥—É–≤–∞
                                                  —Ç–∏ –ø—Ä–∞–≤–∏–ª–∞ –≥—Ä–∞...

You may provide a definition with
\DeclareUnicodeCharacter 


! LaTeX Error: Unicode character —Ç (U+0442)
               not set up for use with LaTeX.

See the LaTeX manual or LaTeX Companion for explanation.
Type  H <return>  for immediate help.
 ...                                              
                                                  
l.3 ...¥—ñ–≤ –ª–∞–Ω—Ü—é–∂–∫—ñ–≤ –ø–æ–±—É–¥—É–≤–∞—Ç
                                                  –∏ –ø—Ä–∞–≤–∏–ª–∞ –≥—Ä–∞–º...

You may provide a definition with
\DeclareUnicodeCharacter 


! LaTeX Error: Unicode character –∏ (U+0438)
               not set up for use with LaTeX.

See the LaTeX manual or LaTeX Companion for explanation.
Type  H <return>  for immediate help.
 ...                                              
                                                  
l.3 ...ñ–≤ –ª–∞–Ω—Ü—é–∂–∫—ñ–≤ –ø–æ–±—É–¥—É–≤–∞—Ç–∏
                                                   –ø—Ä–∞–≤–∏–ª–∞ –≥—Ä–∞–º–∞...

You may provide a definition with
\DeclareUnicodeCharacter 


! LaTeX Error: Unicode character –ø (U+043F)
               not set up for use with LaTeX.

See the LaTeX manual or LaTeX Companion for explanation.
Type  H <return>  for immediate help.
 ...                                              
                                                  
l.3 ... –ª–∞–Ω—Ü—é–∂–∫—ñ–≤ –ø–æ–±—É–¥—É–≤–∞—Ç–∏ –ø
                                                  —Ä–∞–≤–∏–ª–∞ –≥—Ä–∞–º–∞—Ç–...

You may provide a definition with
\DeclareUnicodeCharacter 


! LaTeX Error: Unicode character —Ä (U+0440)
               not set up for use with LaTeX.

See the LaTeX manual or LaTeX Companion for explanation.
Type  H <return>  for immediate help.
 ...                                              
                                                  
l.3 ...ª–∞–Ω—Ü—é–∂–∫—ñ–≤ –ø–æ–±—É–¥—É–≤–∞—Ç–∏ –ø—Ä
                                                  –∞–≤–∏–ª–∞ –≥—Ä–∞–º–∞—Ç–∏–...

You may provide a definition with
\DeclareUnicodeCharacter 


! LaTeX Error: Unicode character –∞ (U+0430)
               not set up for use with LaTeX.

See the LaTeX manual or LaTeX Companion for explanation.
Type  H <return>  for immediate help.
 ...                                              
                                                  
l.3 ...∞–Ω—Ü—é–∂–∫—ñ–≤ –ø–æ–±—É–¥—É–≤–∞—Ç–∏ –ø—Ä–∞
                                                  –≤–∏–ª–∞ –≥—Ä–∞–º–∞—Ç–∏–∫–∏.
You may provide a definition with
\DeclareUnicodeCharacter 


! LaTeX Error: Unicode character –≤ (U+0432)
               not set up for use with LaTeX.

See the LaTeX manual or LaTeX Companion for explanation.
Type  H <return>  for immediate help.
 ...                                              
                                                  
l.3 ...Ω—Ü—é–∂–∫—ñ–≤ –ø–æ–±—É–¥—É–≤–∞—Ç–∏ –ø—Ä–∞–≤
                                                  –∏–ª–∞ –≥—Ä–∞–º–∞—Ç–∏–∫–∏.
You may provide a definition with
\DeclareUnicodeCharacter 


! LaTeX Error: Unicode character –∏ (U+0438)
               not set up for use with LaTeX.

See the LaTeX manual or LaTeX Companion for explanation.
Type  H <return>  for immediate help.
 ...                                              
                                                  
l.3 ...Ü—é–∂–∫—ñ–≤ –ø–æ–±—É–¥—É–≤–∞—Ç–∏ –ø—Ä–∞–≤–∏
                                                  –ª–∞ –≥—Ä–∞–º–∞—Ç–∏–∫–∏.
You may provide a definition with
\DeclareUnicodeCharacter 


! LaTeX Error: Unicode character –ª (U+043B)
               not set up for use with LaTeX.

See the LaTeX manual or LaTeX Companion for explanation.
Type  H <return>  for immediate help.
 ...                                              
                                                  
l.3 ...é–∂–∫—ñ–≤ –ø–æ–±—É–¥—É–≤–∞—Ç–∏ –ø—Ä–∞–≤–∏–ª
                                                  –∞ –≥—Ä–∞–º–∞—Ç–∏–∫–∏.
You may provide a definition with
\DeclareUnicodeCharacter 


! LaTeX Error: Unicode character –∞ (U+0430)
               not set up for use with LaTeX.

See the LaTeX manual or LaTeX Companion for explanation.
Type  H <return>  for immediate help.
 ...                                              
                                                  
l.3 ...∂–∫—ñ–≤ –ø–æ–±—É–¥—É–≤–∞—Ç–∏ –ø—Ä–∞–≤–∏–ª–∞
                                                   –≥—Ä–∞–º–∞—Ç–∏–∫–∏.
You may provide a definition with
\DeclareUnicodeCharacter 


! LaTeX Error: Unicode character –≥ (U+0433)
               not set up for use with LaTeX.

See the LaTeX manual or LaTeX Companion for explanation.
Type  H <return>  for immediate help.
 ...                                              
                                                  
l.3 ...—ñ–≤ –ø–æ–±—É–¥—É–≤–∞—Ç–∏ –ø—Ä–∞–≤–∏–ª–∞ –≥
                                                  —Ä–∞–º–∞—Ç–∏–∫–∏.
You may provide a definition with
\DeclareUnicodeCharacter 


! LaTeX Error: Unicode character —Ä (U+0440)
               not set up for use with LaTeX.

See the LaTeX manual or LaTeX Companion for explanation.
Type  H <return>  for immediate help.
 ...                                              
                                                  
l.3 ...–≤ –ø–æ–±—É–¥—É–≤–∞—Ç–∏ –ø—Ä–∞–≤–∏–ª–∞ –≥—Ä
                                                  –∞–º–∞—Ç–∏–∫–∏.
You may provide a definition with
\DeclareUnicodeCharacter 


! LaTeX Error: Unicode character –∞ (U+0430)
               not set up for use with LaTeX.

See the LaTeX manual or LaTeX Companion for explanation.
Type  H <return>  for immediate help.
 ...                                              
                                                  
l.3 ... –ø–æ–±—É–¥—É–≤–∞—Ç–∏ –ø—Ä–∞–≤–∏–ª–∞ –≥—Ä–∞
                                                  –º–∞—Ç–∏–∫–∏.
You may provide a definition with
\DeclareUnicodeCharacter 


! LaTeX Error: Unicode character –º (U+043C)
               not set up for use with LaTeX.

See the LaTeX manual or LaTeX Companion for explanation.
Type  H <return>  for immediate help.
 ...                                              
                                                  
l.3 ...ø–æ–±—É–¥—É–≤–∞—Ç–∏ –ø—Ä–∞–≤–∏–ª–∞ –≥—Ä–∞–º
                                                  –∞—Ç–∏–∫–∏.
You may provide a definition with
\DeclareUnicodeCharacter 


! LaTeX Error: Unicode character –∞ (U+0430)
               not set up for use with LaTeX.

See the LaTeX manual or LaTeX Companion for explanation.
Type  H <return>  for immediate help.
 ...                                              
                                                  
l.3 ...æ–±—É–¥—É–≤–∞—Ç–∏ –ø—Ä–∞–≤–∏–ª–∞ –≥—Ä–∞–º–∞
                                                  —Ç–∏–∫–∏.
You may provide a definition with
\DeclareUnicodeCharacter 


! LaTeX Error: Unicode character —Ç (U+0442)
               not set up for use with LaTeX.

See the LaTeX manual or LaTeX Companion for explanation.
Type  H <return>  for immediate help.
 ...                                              
                                                  
l.3 ...±—É–¥—É–≤–∞—Ç–∏ –ø—Ä–∞–≤–∏–ª–∞ –≥—Ä–∞–º–∞—Ç
                                                  –∏–∫–∏.
You may provide a definition with
\DeclareUnicodeCharacter 


! LaTeX Error: Unicode character –∏ (U+0438)
               not set up for use with LaTeX.

See the LaTeX manual or LaTeX Companion for explanation.
Type  H <return>  for immediate help.
 ...                                              
                                                  
l.3 ...É–¥—É–≤–∞—Ç–∏ –ø—Ä–∞–≤–∏–ª–∞ –≥—Ä–∞–º–∞—Ç–∏
                                                  –∫–∏.
You may provide a definition with
\DeclareUnicodeCharacter 


! LaTeX Error: Unicode character –∫ (U+043A)
               not set up for use with LaTeX.

See the LaTeX manual or LaTeX Companion for explanation.
Type  H <return>  for immediate help.
 ...                                              
                                                  
l.3 ...¥—É–≤–∞—Ç–∏ –ø—Ä–∞–≤–∏–ª–∞ –≥—Ä–∞–º–∞—Ç–∏–∫
                                                  –∏.
You may provide a definition with
\DeclareUnicodeCharacter 


! LaTeX Error: Unicode character –∏ (U+0438)
               not set up for use with LaTeX.

See the LaTeX manual or LaTeX Companion for explanation.
Type  H <return>  for immediate help.
 ...                                              
                                                  
l.3 ...É–≤–∞—Ç–∏ –ø—Ä–∞–≤–∏–ª–∞ –≥—Ä–∞–º–∞—Ç–∏–∫–∏
                                                  .
You may provide a definition with
\DeclareUnicodeCharacter 

Missing character: There is no . in font nullfont!

! LaTeX Error: Unicode character –ü (U+041F)
               not set up for use with LaTeX.

See the LaTeX manual or LaTeX Companion for explanation.
Type  H <return>  for immediate help.
 ...                                              
                                                  
l.4 –ü
      –µ—Ä–µ–≤—ñ—Ä–∏—Ç–∏ –ø—Ä–∞–≤–∏–ª—å–Ω—ñ—Å—Ç—å —Å–∫–ª–∞–¥–∞–Ω–Ω—è –ø—Ä–∞–...

You may provide a definition with
\DeclareUnicodeCharacter 


! LaTeX Error: Unicode character –µ (U+0435)
               not set up for use with LaTeX.

See the LaTeX manual or LaTeX Companion for explanation.
Type  H <return>  for immediate help.
 ...                                              
                                                  
l.4 –ü–µ
        —Ä–µ–≤—ñ—Ä–∏—Ç–∏ –ø—Ä–∞–≤–∏–ª—å–Ω—ñ—Å—Ç—å —Å–∫–ª–∞–¥–∞–Ω–Ω—è –ø—Ä–∞–...

You may provide a definition with
\DeclareUnicodeCharacter 


! LaTeX Error: Unicode character —Ä (U+0440)
               not set up for use with LaTeX.

See the LaTeX manual or LaTeX Companion for explanation.
Type  H <return>  for immediate help.
 ...                                              
                                                  
l.4 –ü–µ—Ä
          –µ–≤—ñ—Ä–∏—Ç–∏ –ø—Ä–∞–≤–∏–ª—å–Ω—ñ—Å—Ç—å —Å–∫–ª–∞–¥–∞–Ω–Ω—è –ø—Ä–∞–...

You may provide a definition with
\DeclareUnicodeCharacter 


! LaTeX Error: Unicode character –µ (U+0435)
               not set up for use with LaTeX.

See the LaTeX manual or LaTeX Companion for explanation.
Type  H <return>  for immediate help.
 ...                                              
                                                  
l.4 –ü–µ—Ä–µ
            –≤—ñ—Ä–∏—Ç–∏ –ø—Ä–∞–≤–∏–ª—å–Ω—ñ—Å—Ç—å —Å–∫–ª–∞–¥–∞–Ω–Ω—è –ø—Ä–∞–...

You may provide a definition with
\DeclareUnicodeCharacter 


! LaTeX Error: Unicode character –≤ (U+0432)
               not set up for use with LaTeX.

See the LaTeX manual or LaTeX Companion for explanation.
Type  H <return>  for immediate help.
 ...                                              
                                                  
l.4 –ü–µ—Ä–µ–≤
              —ñ—Ä–∏—Ç–∏ –ø—Ä–∞–≤–∏–ª—å–Ω—ñ—Å—Ç—å —Å–∫–ª–∞–¥–∞–Ω–Ω—è –ø—Ä–∞–...

You may provide a definition with
\DeclareUnicodeCharacter 


! LaTeX Error: Unicode character —ñ (U+0456)
               not set up for use with LaTeX.

See the LaTeX manual or LaTeX Companion for explanation.
Type  H <return>  for immediate help.
 ...                                              
                                                  
l.4 –ü–µ—Ä–µ–≤—ñ
                —Ä–∏—Ç–∏ –ø—Ä–∞–≤–∏–ª—å–Ω—ñ—Å—Ç—å —Å–∫–ª–∞–¥–∞–Ω–Ω—è –ø—Ä–∞–...

You may provide a definition with
\DeclareUnicodeCharacter 


! LaTeX Error: Unicode character —Ä (U+0440)
               not set up for use with LaTeX.

See the LaTeX manual or LaTeX Companion for explanation.
Type  H <return>  for immediate help.
 ...                                              
                                                  
l.4 –ü–µ—Ä–µ–≤—ñ—Ä
                  –∏—Ç–∏ –ø—Ä–∞–≤–∏–ª—å–Ω—ñ—Å—Ç—å —Å–∫–ª–∞–¥–∞–Ω–Ω—è –ø—Ä–∞–...

You may provide a definition with
\DeclareUnicodeCharacter 


! LaTeX Error: Unicode character –∏ (U+0438)
               not set up for use with LaTeX.

See the LaTeX manual or LaTeX Companion for explanation.
Type  H <return>  for immediate help.
 ...                                              
                                                  
l.4 –ü–µ—Ä–µ–≤—ñ—Ä–∏
                    —Ç–∏ –ø—Ä–∞–≤–∏–ª—å–Ω—ñ—Å—Ç—å —Å–∫–ª–∞–¥–∞–Ω–Ω—è –ø—Ä–∞–...

You may provide a definition with
\DeclareUnicodeCharacter 


! LaTeX Error: Unicode character —Ç (U+0442)
               not set up for use with LaTeX.

See the LaTeX manual or LaTeX Companion for explanation.
Type  H <return>  for immediate help.
 ...                                              
                                                  
l.4 –ü–µ—Ä–µ–≤—ñ—Ä–∏—Ç
                      –∏ –ø—Ä–∞–≤–∏–ª—å–Ω—ñ—Å—Ç—å —Å–∫–ª–∞–¥–∞–Ω–Ω—è –ø—Ä–∞–...

You may provide a definition with
\DeclareUnicodeCharacter 


! LaTeX Error: Unicode character –∏ (U+0438)
               not set up for use with LaTeX.

See the LaTeX manual or LaTeX Companion for explanation.
Type  H <return>  for immediate help.
 ...                                              
                                                  
l.4 –ü–µ—Ä–µ–≤—ñ—Ä–∏—Ç–∏
                         –ø—Ä–∞–≤–∏–ª—å–Ω—ñ—Å—Ç—å —Å–∫–ª–∞–¥–∞–Ω–Ω—è –ø—Ä–∞–...

You may provide a definition with
\DeclareUnicodeCharacter 


! LaTeX Error: Unicode character –ø (U+043F)
               not set up for use with LaTeX.

See the LaTeX manual or LaTeX Companion for explanation.
Type  H <return>  for immediate help.
 ...                                              
                                                  
l.4 –ü–µ—Ä–µ–≤—ñ—Ä–∏—Ç–∏ –ø
                           —Ä–∞–≤–∏–ª—å–Ω—ñ—Å—Ç—å —Å–∫–ª–∞–¥–∞–Ω–Ω—è –ø—Ä–∞–...

You may provide a definition with
\DeclareUnicodeCharacter 


! LaTeX Error: Unicode character —Ä (U+0440)
               not set up for use with LaTeX.

See the LaTeX manual or LaTeX Companion for explanation.
Type  H <return>  for immediate help.
 ...                                              
                                                  
l.4 –ü–µ—Ä–µ–≤—ñ—Ä–∏—Ç–∏ –ø—Ä
                             –∞–≤–∏–ª—å–Ω—ñ—Å—Ç—å —Å–∫–ª–∞–¥–∞–Ω–Ω—è –ø—Ä–∞–...

You may provide a definition with
\DeclareUnicodeCharacter 


! LaTeX Error: Unicode character –∞ (U+0430)
               not set up for use with LaTeX.

See the LaTeX manual or LaTeX Companion for explanation.
Type  H <return>  for immediate help.
 ...                                              
                                                  
l.4 –ü–µ—Ä–µ–≤—ñ—Ä–∏—Ç–∏ –ø—Ä–∞
                               –≤–∏–ª—å–Ω—ñ—Å—Ç—å —Å–∫–ª–∞–¥–∞–Ω–Ω—è –ø—Ä–∞–...

You may provide a definition with
\DeclareUnicodeCharacter 


! LaTeX Error: Unicode character –≤ (U+0432)
               not set up for use with LaTeX.

See the LaTeX manual or LaTeX Companion for explanation.
Type  H <return>  for immediate help.
 ...                                              
                                                  
l.4 –ü–µ—Ä–µ–≤—ñ—Ä–∏—Ç–∏ –ø—Ä–∞–≤
                                 –∏–ª—å–Ω—ñ—Å—Ç—å —Å–∫–ª–∞–¥–∞–Ω–Ω—è –ø—Ä–∞–...

You may provide a definition with
\DeclareUnicodeCharacter 


! LaTeX Error: Unicode character –∏ (U+0438)
               not set up for use with LaTeX.

See the LaTeX manual or LaTeX Companion for explanation.
Type  H <return>  for immediate help.
 ...                                              
                                                  
l.4 –ü–µ—Ä–µ–≤—ñ—Ä–∏—Ç–∏ –ø—Ä–∞–≤–∏
                                   –ª—å–Ω—ñ—Å—Ç—å —Å–∫–ª–∞–¥–∞–Ω–Ω—è –ø—Ä–∞–...

You may provide a definition with
\DeclareUnicodeCharacter 


! LaTeX Error: Unicode character –ª (U+043B)
               not set up for use with LaTeX.

See the LaTeX manual or LaTeX Companion for explanation.
Type  H <return>  for immediate help.
 ...                                              
                                                  
l.4 –ü–µ—Ä–µ–≤—ñ—Ä–∏—Ç–∏ –ø—Ä–∞–≤–∏–ª
                                     —å–Ω—ñ—Å—Ç—å —Å–∫–ª–∞–¥–∞–Ω–Ω—è –ø—Ä–∞–...

You may provide a definition with
\DeclareUnicodeCharacter 


! LaTeX Error: Unicode character —å (U+044C)
               not set up for use with LaTeX.

See the LaTeX manual or LaTeX Companion for explanation.
Type  H <return>  for immediate help.
 ...                                              
                                                  
l.4 –ü–µ—Ä–µ–≤—ñ—Ä–∏—Ç–∏ –ø—Ä–∞–≤–∏–ª—å
                                       –Ω—ñ—Å—Ç—å —Å–∫–ª–∞–¥–∞–Ω–Ω—è –ø—Ä–∞–...

You may provide a definition with
\DeclareUnicodeCharacter 


! LaTeX Error: Unicode character –Ω (U+043D)
               not set up for use with LaTeX.

See the LaTeX manual or LaTeX Companion for explanation.
Type  H <return>  for immediate help.
 ...                                              
                                                  
l.4 –ü–µ—Ä–µ–≤—ñ—Ä–∏—Ç–∏ –ø—Ä–∞–≤–∏–ª—å–Ω
                                         —ñ—Å—Ç—å —Å–∫–ª–∞–¥–∞–Ω–Ω—è –ø—Ä–∞–...

You may provide a definition with
\DeclareUnicodeCharacter 


! LaTeX Error: Unicode character —ñ (U+0456)
               not set up for use with LaTeX.

See the LaTeX manual or LaTeX Companion for explanation.
Type  H <return>  for immediate help.
 ...                                              
                                                  
l.4 –ü–µ—Ä–µ–≤—ñ—Ä–∏—Ç–∏ –ø—Ä–∞–≤–∏–ª—å–Ω—ñ
                                           —Å—Ç—å —Å–∫–ª–∞–¥–∞–Ω–Ω—è –ø—Ä–∞–...

You may provide a definition with
\DeclareUnicodeCharacter 


! LaTeX Error: Unicode character —Å (U+0441)
               not set up for use with LaTeX.

See the LaTeX manual or LaTeX Companion for explanation.
Type  H <return>  for immediate help.
 ...                                              
                                                  
l.4 –ü–µ—Ä–µ–≤—ñ—Ä–∏—Ç–∏ –ø—Ä–∞–≤–∏–ª—å–Ω—ñ—Å
                                             —Ç—å —Å–∫–ª–∞–¥–∞–Ω–Ω—è –ø—Ä–∞–...

You may provide a definition with
\DeclareUnicodeCharacter 


! LaTeX Error: Unicode character —Ç (U+0442)
               not set up for use with LaTeX.

See the LaTeX manual or LaTeX Companion for explanation.
Type  H <return>  for immediate help.
 ...                                              
                                                  
l.4 –ü–µ—Ä–µ–≤—ñ—Ä–∏—Ç–∏ –ø—Ä–∞–≤–∏–ª—å–Ω—ñ—Å—Ç
                                               —å —Å–∫–ª–∞–¥–∞–Ω–Ω—è –ø—Ä–∞–...

You may provide a definition with
\DeclareUnicodeCharacter 


! LaTeX Error: Unicode character —å (U+044C)
               not set up for use with LaTeX.

See the LaTeX manual or LaTeX Companion for explanation.
Type  H <return>  for immediate help.
 ...                                              
                                                  
l.4 –ü–µ—Ä–µ–≤—ñ—Ä–∏—Ç–∏ –ø—Ä–∞–≤–∏–ª—å–Ω—ñ—Å—Ç—å
                                                  —Å–∫–ª–∞–¥–∞–Ω–Ω—è –ø—Ä–∞–...

You may provide a definition with
\DeclareUnicodeCharacter 


! LaTeX Error: Unicode character —Å (U+0441)
               not set up for use with LaTeX.

See the LaTeX manual or LaTeX Companion for explanation.
Type  H <return>  for immediate help.
 ...                                              
                                                  
l.4 ...Ä–µ–≤—ñ—Ä–∏—Ç–∏ –ø—Ä–∞–≤–∏–ª—å–Ω—ñ—Å—Ç—å —Å
                                                  –∫–ª–∞–¥–∞–Ω–Ω—è –ø—Ä–∞–≤–...

You may provide a definition with
\DeclareUnicodeCharacter 


! LaTeX Error: Unicode character –∫ (U+043A)
               not set up for use with LaTeX.

See the LaTeX manual or LaTeX Companion for explanation.
Type  H <return>  for immediate help.
 ...                                              
                                                  
l.4 ...µ–≤—ñ—Ä–∏—Ç–∏ –ø—Ä–∞–≤–∏–ª—å–Ω—ñ—Å—Ç—å —Å–∫
                                                  –ª–∞–¥–∞–Ω–Ω—è –ø—Ä–∞–≤–∏–...

You may provide a definition with
\DeclareUnicodeCharacter 


! LaTeX Error: Unicode character –ª (U+043B)
               not set up for use with LaTeX.

See the LaTeX manual or LaTeX Companion for explanation.
Type  H <return>  for immediate help.
 ...                                              
                                                  
l.4 ...≤—ñ—Ä–∏—Ç–∏ –ø—Ä–∞–≤–∏–ª—å–Ω—ñ—Å—Ç—å —Å–∫–ª
                                                  –∞–¥–∞–Ω–Ω—è –ø—Ä–∞–≤–∏–ª ...

You may provide a definition with
\DeclareUnicodeCharacter 


! LaTeX Error: Unicode character –∞ (U+0430)
               not set up for use with LaTeX.

See the LaTeX manual or LaTeX Companion for explanation.
Type  H <return>  for immediate help.
 ...                                              
                                                  
l.4 ...ñ—Ä–∏—Ç–∏ –ø—Ä–∞–≤–∏–ª—å–Ω—ñ—Å—Ç—å —Å–∫–ª–∞
                                                  –¥–∞–Ω–Ω—è –ø—Ä–∞–≤–∏–ª –∑...

You may provide a definition with
\DeclareUnicodeCharacter 


! LaTeX Error: Unicode character –¥ (U+0434)
               not set up for use with LaTeX.

See the LaTeX manual or LaTeX Companion for explanation.
Type  H <return>  for immediate help.
 ...                                              
                                                  
l.4 ...Ä–∏—Ç–∏ –ø—Ä–∞–≤–∏–ª—å–Ω—ñ—Å—Ç—å —Å–∫–ª–∞–¥
                                                  –∞–Ω–Ω—è –ø—Ä–∞–≤–∏–ª –∑–∞...

You may provide a definition with
\DeclareUnicodeCharacter 


! LaTeX Error: Unicode character –∞ (U+0430)
               not set up for use with LaTeX.

See the LaTeX manual or LaTeX Companion for explanation.
Type  H <return>  for immediate help.
 ...                                              
                                                  
l.4 ...∏—Ç–∏ –ø—Ä–∞–≤–∏–ª—å–Ω—ñ—Å—Ç—å —Å–∫–ª–∞–¥–∞
                                                  –Ω–Ω—è –ø—Ä–∞–≤–∏–ª –∑–∞ –...

You may provide a definition with
\DeclareUnicodeCharacter 


! LaTeX Error: Unicode character –Ω (U+043D)
               not set up for use with LaTeX.

See the LaTeX manual or LaTeX Companion for explanation.
Type  H <return>  for immediate help.
 ...                                              
                                                  
l.4 ...Ç–∏ –ø—Ä–∞–≤–∏–ª—å–Ω—ñ—Å—Ç—å —Å–∫–ª–∞–¥–∞–Ω
                                                  –Ω—è –ø—Ä–∞–≤–∏–ª –∑–∞ –¥–...

You may provide a definition with
\DeclareUnicodeCharacter 


! LaTeX Error: Unicode character –Ω (U+043D)
               not set up for use with LaTeX.

See the LaTeX manual or LaTeX Companion for explanation.
Type  H <return>  for immediate help.
 ...                                              
                                                  
l.4 ...∏ –ø—Ä–∞–≤–∏–ª—å–Ω—ñ—Å—Ç—å —Å–∫–ª–∞–¥–∞–Ω–Ω
                                                  —è –ø—Ä–∞–≤–∏–ª –∑–∞ –¥–æ–...

You may provide a definition with
\DeclareUnicodeCharacter 


! LaTeX Error: Unicode character —è (U+044F)
               not set up for use with LaTeX.

See the LaTeX manual or LaTeX Companion for explanation.
Type  H <return>  for immediate help.
 ...                                              
                                                  
l.4 ...–ø—Ä–∞–≤–∏–ª—å–Ω—ñ—Å—Ç—å —Å–∫–ª–∞–¥–∞–Ω–Ω—è
                                                   –ø—Ä–∞–≤–∏–ª –∑–∞ –¥–æ–ø–...

You may provide a definition with
\DeclareUnicodeCharacter 


! LaTeX Error: Unicode character –ø (U+043F)
               not set up for use with LaTeX.

See the LaTeX manual or LaTeX Companion for explanation.
Type  H <return>  for immediate help.
 ...                                              
                                                  
l.4 ...Ä–∞–≤–∏–ª—å–Ω—ñ—Å—Ç—å —Å–∫–ª–∞–¥–∞–Ω–Ω—è –ø
                                                  —Ä–∞–≤–∏–ª –∑–∞ –¥–æ–ø–æ–º...

You may provide a definition with
\DeclareUnicodeCharacter 


! LaTeX Error: Unicode character —Ä (U+0440)
               not set up for use with LaTeX.

See the LaTeX manual or LaTeX Companion for explanation.
Type  H <return>  for immediate help.
 ...                                              
                                                  
l.4 ...∞–≤–∏–ª—å–Ω—ñ—Å—Ç—å —Å–∫–ª–∞–¥–∞–Ω–Ω—è –ø—Ä
                                                  –∞–≤–∏–ª –∑–∞ –¥–æ–ø–æ–º–æ...

You may provide a definition with
\DeclareUnicodeCharacter 


! LaTeX Error: Unicode character –∞ (U+0430)
               not set up for use with LaTeX.

See the LaTeX manual or LaTeX Companion for explanation.
Type  H <return>  for immediate help.
 ...                                              
                                                  
l.4 ...≤–∏–ª—å–Ω—ñ—Å—Ç—å —Å–∫–ª–∞–¥–∞–Ω–Ω—è –ø—Ä–∞
                                                  –≤–∏–ª –∑–∞ –¥–æ–ø–æ–º–æ–≥...

You may provide a definition with
\DeclareUnicodeCharacter 


! LaTeX Error: Unicode character –≤ (U+0432)
               not set up for use with LaTeX.

See the LaTeX manual or LaTeX Companion for explanation.
Type  H <return>  for immediate help.
 ...                                              
                                                  
l.4 ...∏–ª—å–Ω—ñ—Å—Ç—å —Å–∫–ª–∞–¥–∞–Ω–Ω—è –ø—Ä–∞–≤
                                                  –∏–ª –∑–∞ –¥–æ–ø–æ–º–æ–≥–æ...

You may provide a definition with
\DeclareUnicodeCharacter 


! LaTeX Error: Unicode character –∏ (U+0438)
               not set up for use with LaTeX.

See the LaTeX manual or LaTeX Companion for explanation.
Type  H <return>  for immediate help.
 ...                                              
                                                  
l.4 ...ª—å–Ω—ñ—Å—Ç—å —Å–∫–ª–∞–¥–∞–Ω–Ω—è –ø—Ä–∞–≤–∏
                                                  –ª –∑–∞ –¥–æ–ø–æ–º–æ–≥–æ—é...

You may provide a definition with
\DeclareUnicodeCharacter 


! LaTeX Error: Unicode character –ª (U+043B)
               not set up for use with LaTeX.

See the LaTeX manual or LaTeX Companion for explanation.
Type  H <return>  for immediate help.
 ...                                              
                                                  
l.4 ...å–Ω—ñ—Å—Ç—å —Å–∫–ª–∞–¥–∞–Ω–Ω—è –ø—Ä–∞–≤–∏–ª
                                                   –∑–∞ –¥–æ–ø–æ–º–æ–≥–æ—é –...

You may provide a definition with
\DeclareUnicodeCharacter 


! LaTeX Error: Unicode character –∑ (U+0437)
               not set up for use with LaTeX.

See the LaTeX manual or LaTeX Companion for explanation.
Type  H <return>  for immediate help.
 ...                                              
                                                  
l.4 ...—ñ—Å—Ç—å —Å–∫–ª–∞–¥–∞–Ω–Ω—è –ø—Ä–∞–≤–∏–ª –∑
                                                  –∞ –¥–æ–ø–æ–º–æ–≥–æ—é –≤–∏...

You may provide a definition with
\DeclareUnicodeCharacter 


! LaTeX Error: Unicode character –∞ (U+0430)
               not set up for use with LaTeX.

See the LaTeX manual or LaTeX Companion for explanation.
Type  H <return>  for immediate help.
 ...                                              
                                                  
l.4 ...—Å—Ç—å —Å–∫–ª–∞–¥–∞–Ω–Ω—è –ø—Ä–∞–≤–∏–ª –∑–∞
                                                   –¥–æ–ø–æ–º–æ–≥–æ—é –≤–∏–≤...

You may provide a definition with
\DeclareUnicodeCharacter 


! LaTeX Error: Unicode character –¥ (U+0434)
               not set up for use with LaTeX.

See the LaTeX manual or LaTeX Companion for explanation.
Type  H <return>  for immediate help.
 ...                                              
                                                  
l.4 ...Ç—å —Å–∫–ª–∞–¥–∞–Ω–Ω—è –ø—Ä–∞–≤–∏–ª –∑–∞ –¥
                                                  –æ–ø–æ–º–æ–≥–æ—é –≤–∏–≤–µ–...

You may provide a definition with
\DeclareUnicodeCharacter 


! LaTeX Error: Unicode character –æ (U+043E)
               not set up for use with LaTeX.

See the LaTeX manual or LaTeX Companion for explanation.
Type  H <return>  for immediate help.
 ...                                              
                                                  
l.4 ...å —Å–∫–ª–∞–¥–∞–Ω–Ω—è –ø—Ä–∞–≤–∏–ª –∑–∞ –¥–æ
                                                  –ø–æ–º–æ–≥–æ—é –≤–∏–≤–µ–¥–...

You may provide a definition with
\DeclareUnicodeCharacter 


! LaTeX Error: Unicode character –ø (U+043F)
               not set up for use with LaTeX.

See the LaTeX manual or LaTeX Companion for explanation.
Type  H <return>  for immediate help.
 ...                                              
                                                  
l.4 ...—Å–∫–ª–∞–¥–∞–Ω–Ω—è –ø—Ä–∞–≤–∏–ª –∑–∞ –¥–æ–ø
                                                  –æ–º–æ–≥–æ—é –≤–∏–≤–µ–¥–µ–...

You may provide a definition with
\DeclareUnicodeCharacter 


! LaTeX Error: Unicode character –æ (U+043E)
               not set up for use with LaTeX.

See the LaTeX manual or LaTeX Companion for explanation.
Type  H <return>  for immediate help.
 ...                                              
                                                  
l.4 ...–∫–ª–∞–¥–∞–Ω–Ω—è –ø—Ä–∞–≤–∏–ª –∑–∞ –¥–æ–ø–æ
                                                  –º–æ–≥–æ—é –≤–∏–≤–µ–¥–µ–Ω–...
(That makes 100 errors; please try again.) 
Here is how much of TeX's memory you used:
 46 strings out of 474116
 871 string characters out of 5750248
 1925187 words of memory out of 5000000
 22504 multiletter control sequences out of 15000+600000
 558069 words of font info for 36 fonts, out of 8000000 for 9000
 1141 hyphenation exceptions out of 8191
 14i,0n,18p,195b,22s stack positions out of 10000i,1000n,20000p,200000b,200000s

!  ==> Fatal error occurred, no output PDF file produced!
