This is pdfTeX, Version 3.141592653-2.6-1.40.26 (TeX Live 2024/Arch Linux) (preloaded format=pdflatex 2024.10.10)  11 NOV 2024 21:01
entering extended mode
 restricted \write18 enabled.
 %&-line parsing enabled.
**/home/blackgolyb/Documents/algos/reports/src/formal/idz/settings.tex
(/home/blackgolyb/Documents/algos/reports/src/formal/idz/settings.tex
LaTeX2e <2023-11-01> patch level 1
L3 programming layer <2024-02-20>

! LaTeX Error: Command \taskName undefined.

See the LaTeX manual or LaTeX Companion for explanation.
Type  H <return>  for immediate help.
 ...                                              
                                                  
l.1 \renewcommand{\taskName}
                            {додаткового завдання}
Try typing  <return>  to proceed.
If that doesn't work, type  X <return>  to quit.

)
! Emergency stop.
<*> ...s/algos/reports/src/formal/idz/settings.tex
                                                  
*** (job aborted, no legal \end found)

 
Here is how much of TeX's memory you used:
 18 strings out of 474116
 572 string characters out of 5750248
 1925187 words of memory out of 5000000
 22477 multiletter control sequences out of 15000+600000
 558069 words of font info for 36 fonts, out of 8000000 for 9000
 1141 hyphenation exceptions out of 8191
 12i,0n,13p,165b,14s stack positions out of 10000i,1000n,20000p,200000b,200000s
!  ==> Fatal error occurred, no output PDF file produced!
